

*******************************************************************************
Sun Mar  7 14:38:12 2021


FIT:    data read from "integ_test.dat" using 1:2
        format = x:z
        x range restricted to [* : 2.25000]
        #datapoints = 44
        residuals are weighted equally (unit weight)

function used for fitting: f1(x)
	f1(x) = a1*x + b1
fitted parameters initialized with current variable values

iter      chisq       delta/lim  lambda   a1            b1           
   0 5.3870023331e+03   0.00e+00  1.51e+00    1.000000e+00   1.000000e+00
   4 4.5371214802e-02  -1.47e-05  1.51e-04   -4.146863e+00  -3.867476e-01

After 4 iterations the fit converged.
final sum of squares of residuals : 0.0453712
rel. change during last iteration : -1.47008e-10

degrees of freedom    (FIT_NDF)                        : 42
rms of residuals      (FIT_STDFIT) = sqrt(WSSR/ndf)    : 0.0328674
variance of residuals (reduced chisquare) = WSSR/ndf   : 0.00108027

Final set of parameters            Asymptotic Standard Error
=======================            ==========================
a1              = -4.14686         +/- 0.01361      (0.3281%)
b1              = -0.386748        +/- 0.02565      (6.632%)

correlation matrix of the fit parameters:
                a1     b1     
a1              1.000 
b1             -0.981  1.000 


*******************************************************************************
Sun Mar  7 14:38:12 2021


FIT:    data read from "integ_test.dat" using 1:2
        format = x:z
        x range restricted to [* : 3.00000]
        #datapoints = 249
        residuals are weighted equally (unit weight)

function used for fitting: f2(x)
	f2(x) = a2*x + b2
fitted parameters initialized with current variable values

iter      chisq       delta/lim  lambda   a2            b2           
   0 5.3814538605e+04   0.00e+00  1.97e+00    1.000000e+00   1.000000e+00
   4 1.1591052179e-01  -2.46e-08  1.97e-04   -4.050234e+00  -5.596975e-01

After 4 iterations the fit converged.
final sum of squares of residuals : 0.115911
rel. change during last iteration : -2.46162e-13

degrees of freedom    (FIT_NDF)                        : 247
rms of residuals      (FIT_STDFIT) = sqrt(WSSR/ndf)    : 0.0216627
variance of residuals (reduced chisquare) = WSSR/ndf   : 0.000469273

Final set of parameters            Asymptotic Standard Error
=======================            ==========================
a2              = -4.05023         +/- 0.003339     (0.08244%)
b2              = -0.559698        +/- 0.008701     (1.555%)

correlation matrix of the fit parameters:
                a2     b2     
a2              1.000 
b2             -0.987  1.000 


*******************************************************************************
Sun Mar  7 14:38:42 2021


FIT:    data read from "integ_test.dat" using 1:2
        format = x:z
        x range restricted to [* : 2.25000]
        #datapoints = 44
        residuals are weighted equally (unit weight)

function used for fitting: f1(x)
	f1(x) = a1*x + b1
fitted parameters initialized with current variable values

iter      chisq       delta/lim  lambda   a1            b1           
   0 5.3870023331e+03   0.00e+00  1.51e+00    1.000000e+00   1.000000e+00
   4 4.5371214802e-02  -1.47e-05  1.51e-04   -4.146863e+00  -3.867476e-01

After 4 iterations the fit converged.
final sum of squares of residuals : 0.0453712
rel. change during last iteration : -1.47008e-10

degrees of freedom    (FIT_NDF)                        : 42
rms of residuals      (FIT_STDFIT) = sqrt(WSSR/ndf)    : 0.0328674
variance of residuals (reduced chisquare) = WSSR/ndf   : 0.00108027

Final set of parameters            Asymptotic Standard Error
=======================            ==========================
a1              = -4.14686         +/- 0.01361      (0.3281%)
b1              = -0.386748        +/- 0.02565      (6.632%)

correlation matrix of the fit parameters:
                a1     b1     
a1              1.000 
b1             -0.981  1.000 


*******************************************************************************
Sun Mar  7 14:38:42 2021


FIT:    data read from "integ_test.dat" using 1:3
        format = x:z
        x range restricted to [* : 3.00000]
        #datapoints = 249
        residuals are weighted equally (unit weight)

function used for fitting: f2(x)
	f2(x) = a2*x + b2
fitted parameters initialized with current variable values

iter      chisq       delta/lim  lambda   a2            b2           
   0 -nan              -nan       1.97e+00    1.000000e+00   1.000000e+00

Current data point
=========================
#               = 1 out of 249
x               = -nan           
z               = -3.59988       

Current set of parameters
=========================
a2              = -nan           
b2              = nan            

BREAK: Function evaluation yields NaN ("not a number")

*******************************************************************************
Sun Mar  7 14:39:40 2021


FIT:    data read from "integ_test.dat" using 1:2
        format = x:z
        x range restricted to [* : 2.20000]
        #datapoints = 39
        residuals are weighted equally (unit weight)

function used for fitting: f1(x)
	f1(x) = a1*x + b1
fitted parameters initialized with current variable values

iter      chisq       delta/lim  lambda   a1            b1           
   0 4.5643014864e+03   0.00e+00  1.48e+00    1.000000e+00   1.000000e+00
   4 4.1257500846e-02  -2.26e-05  1.48e-04   -4.157509e+00  -3.707830e-01

After 4 iterations the fit converged.
final sum of squares of residuals : 0.0412575
rel. change during last iteration : -2.25765e-10

degrees of freedom    (FIT_NDF)                        : 37
rms of residuals      (FIT_STDFIT) = sqrt(WSSR/ndf)    : 0.0333926
variance of residuals (reduced chisquare) = WSSR/ndf   : 0.00111507

Final set of parameters            Asymptotic Standard Error
=======================            ==========================
a1              = -4.15751         +/- 0.0149       (0.3583%)
b1              = -0.370783        +/- 0.02735      (7.377%)

correlation matrix of the fit parameters:
                a1     b1     
a1              1.000 
b1             -0.981  1.000 


*******************************************************************************
Sun Mar  7 14:39:40 2021


FIT:    data read from "integ_test.dat" using 1:3
        format = x:z
        x range restricted to [* : 3.00000]
        #datapoints = 249
        residuals are weighted equally (unit weight)

function used for fitting: f2(x)
	f2(x) = a2*x + b2
fitted parameters initialized with current variable values

iter      chisq       delta/lim  lambda   a2            b2           
   0 -nan              -nan       1.97e+00    1.000000e+00   1.000000e+00

Current data point
=========================
#               = 1 out of 249
x               = -nan           
z               = -3.59988       

Current set of parameters
=========================
a2              = -nan           
b2              = nan            

BREAK: Function evaluation yields NaN ("not a number")

*******************************************************************************
Sun Mar  7 14:40:30 2021


FIT:    data read from "integ_test.dat" using 1:2
        format = x:z
        x range restricted to [* : 3.00000]
        #datapoints = 249
        residuals are weighted equally (unit weight)

function used for fitting: f1(x)
	f1(x) = a1*x + b1
fitted parameters initialized with current variable values

iter      chisq       delta/lim  lambda   a1            b1           
   0 5.3814538605e+04   0.00e+00  1.97e+00    1.000000e+00   1.000000e+00
   4 1.1591052179e-01  -2.46e-08  1.97e-04   -4.050234e+00  -5.596975e-01

After 4 iterations the fit converged.
final sum of squares of residuals : 0.115911
rel. change during last iteration : -2.46162e-13

degrees of freedom    (FIT_NDF)                        : 247
rms of residuals      (FIT_STDFIT) = sqrt(WSSR/ndf)    : 0.0216627
variance of residuals (reduced chisquare) = WSSR/ndf   : 0.000469273

Final set of parameters            Asymptotic Standard Error
=======================            ==========================
a1              = -4.05023         +/- 0.003339     (0.08244%)
b1              = -0.559698        +/- 0.008701     (1.555%)

correlation matrix of the fit parameters:
                a1     b1     
a1              1.000 
b1             -0.987  1.000 


*******************************************************************************
Sun Mar  7 14:40:30 2021


FIT:    data read from "integ_test.dat" using 1:3
        format = x:z
        x range restricted to [* : 2.20000]
        #datapoints = 39
        residuals are weighted equally (unit weight)

function used for fitting: f2(x)
	f2(x) = a2*x + b2
fitted parameters initialized with current variable values

iter      chisq       delta/lim  lambda   a2            b2           
   0 8.2172559560e+03   0.00e+00  1.48e+00    1.000000e+00   1.000000e+00
   4 7.3615655861e-01  -7.47e-06  1.48e-04   -6.557231e+00   3.501920e-01

After 4 iterations the fit converged.
final sum of squares of residuals : 0.736157
rel. change during last iteration : -7.47297e-11

degrees of freedom    (FIT_NDF)                        : 37
rms of residuals      (FIT_STDFIT) = sqrt(WSSR/ndf)    : 0.141054
variance of residuals (reduced chisquare) = WSSR/ndf   : 0.0198961

Final set of parameters            Asymptotic Standard Error
=======================            ==========================
a2              = -6.55723         +/- 0.06292      (0.9595%)
b2              = 0.350192         +/- 0.1155       (32.99%)

correlation matrix of the fit parameters:
                a2     b2     
a2              1.000 
b2             -0.981  1.000 


*******************************************************************************
Sun Mar  7 14:41:04 2021


FIT:    data read from "integ_test.dat" using 1:2
        format = x:z
        x range restricted to [* : 3.00000]
        #datapoints = 249
        residuals are weighted equally (unit weight)

function used for fitting: f1(x)
	f1(x) = a1*x + b1
fitted parameters initialized with current variable values

iter      chisq       delta/lim  lambda   a1            b1           
   0 5.3814538605e+04   0.00e+00  1.97e+00    1.000000e+00   1.000000e+00
   4 1.1591052179e-01  -2.46e-08  1.97e-04   -4.050234e+00  -5.596975e-01

After 4 iterations the fit converged.
final sum of squares of residuals : 0.115911
rel. change during last iteration : -2.46162e-13

degrees of freedom    (FIT_NDF)                        : 247
rms of residuals      (FIT_STDFIT) = sqrt(WSSR/ndf)    : 0.0216627
variance of residuals (reduced chisquare) = WSSR/ndf   : 0.000469273

Final set of parameters            Asymptotic Standard Error
=======================            ==========================
a1              = -4.05023         +/- 0.003339     (0.08244%)
b1              = -0.559698        +/- 0.008701     (1.555%)

correlation matrix of the fit parameters:
                a1     b1     
a1              1.000 
b1             -0.987  1.000 


*******************************************************************************
Sun Mar  7 14:41:05 2021


FIT:    data read from "integ_test.dat" using 1:3
        format = x:z
        x range restricted to [* : 2.20000]
        #datapoints = 39
        residuals are weighted equally (unit weight)

function used for fitting: f2(x)
	f2(x) = a2*x + b2
fitted parameters initialized with current variable values

iter      chisq       delta/lim  lambda   a2            b2           
   0 8.2172559560e+03   0.00e+00  1.48e+00    1.000000e+00   1.000000e+00
   4 7.3615655861e-01  -7.47e-06  1.48e-04   -6.557231e+00   3.501920e-01

After 4 iterations the fit converged.
final sum of squares of residuals : 0.736157
rel. change during last iteration : -7.47297e-11

degrees of freedom    (FIT_NDF)                        : 37
rms of residuals      (FIT_STDFIT) = sqrt(WSSR/ndf)    : 0.141054
variance of residuals (reduced chisquare) = WSSR/ndf   : 0.0198961

Final set of parameters            Asymptotic Standard Error
=======================            ==========================
a2              = -6.55723         +/- 0.06292      (0.9595%)
b2              = 0.350192         +/- 0.1155       (32.99%)

correlation matrix of the fit parameters:
                a2     b2     
a2              1.000 
b2             -0.981  1.000 
