

*******************************************************************************
Thu Feb  4 09:13:37 2021


FIT:    data read from "integ.dat" using 1:2
        format = x:z
        x range restricted to [0.500000 : 2.00000]
        #datapoints = 48
        residuals are weighted equally (unit weight)

function used for fitting: f(x)
	f(x) = m*x + b
fitted parameters initialized with current variable values

BREAK: no parameter specified

*******************************************************************************
Thu Feb  4 09:13:44 2021


FIT:    data read from "integ.dat" using 1:2
        format = x:z
        x range restricted to [0.500000 : 2.00000]
        #datapoints = 48
        residuals are weighted equally (unit weight)

function used for fitting: f(x)
	f(x) = m*x + b
fitted parameters initialized with current variable values

iter      chisq       delta/lim  lambda   m             b            
   0 2.3463916051e+03   0.00e+00  1.37e+00    1.000000e+00   1.000000e+00
   3 1.2635026687e-02  -9.36e-01  1.37e-03   -2.094390e+00  -8.947599e-01

After 3 iterations the fit converged.
final sum of squares of residuals : 0.012635
rel. change during last iteration : -9.36087e-06

degrees of freedom    (FIT_NDF)                        : 46
rms of residuals      (FIT_STDFIT) = sqrt(WSSR/ndf)    : 0.0165733
variance of residuals (reduced chisquare) = WSSR/ndf   : 0.000274674

Final set of parameters            Asymptotic Standard Error
=======================            ==========================
m               = -2.09439         +/- 0.007439     (0.3552%)
b               = -0.89476         +/- 0.01232      (1.376%)

correlation matrix of the fit parameters:
                m      b      
m               1.000 
b              -0.981  1.000 


*******************************************************************************
Thu Feb  4 09:15:53 2021


FIT:    data read from "integ.dat" using 1:2
        format = x:z
        x range restricted to [0.500000 : 2.00000]
        #datapoints = 48
        residuals are weighted equally (unit weight)

function used for fitting: f(x)
	f(x) = m*x + b
fitted parameters initialized with current variable values

iter      chisq       delta/lim  lambda   m1            b1           
   0 1.2635026687e-02   0.00e+00  0.00e+00    1.000000e+00   1.000000e+00
BREAK: Singular matrix in Givens()

*******************************************************************************
Thu Feb  4 09:17:00 2021


FIT:    data read from "integ.dat" using 1:3
        format = x:z
        x range restricted to [0.500000 : 1.25000]
        #datapoints = 7
        residuals are weighted equally (unit weight)

function used for fitting: f(x)
	f(x) = m*x + b
fitted parameters initialized with current variable values

iter      chisq       delta/lim  lambda   m1            b1           
   0 6.7642119162e+01   0.00e+00  0.00e+00    1.000000e+00   1.001000e+00
BREAK: Singular matrix in Givens()

*******************************************************************************
Thu Feb  4 09:17:18 2021


FIT:    data read from "integ.dat" using 1:3
        format = x:z
        x range restricted to [0.500000 : 1.25000]
        #datapoints = 7
        residuals are weighted equally (unit weight)

function used for fitting: f1(x)
	f1(x) = m1*x + b1
fitted parameters initialized with current variable values

iter      chisq       delta/lim  lambda   m1            b1           
   0 4.6549592834e+02   0.00e+00  1.01e+00    1.000000e+00   1.002001e+00
   4 1.0179657083e-02  -2.45e-02  1.01e-04   -4.467532e+00  -1.581592e+00

After 4 iterations the fit converged.
final sum of squares of residuals : 0.0101797
rel. change during last iteration : -2.44586e-07

degrees of freedom    (FIT_NDF)                        : 5
rms of residuals      (FIT_STDFIT) = sqrt(WSSR/ndf)    : 0.0451213
variance of residuals (reduced chisquare) = WSSR/ndf   : 0.00203593

Final set of parameters            Asymptotic Standard Error
=======================            ==========================
m1              = -4.46753         +/- 0.09731      (2.178%)
b1              = -1.58159         +/- 0.09962      (6.299%)

correlation matrix of the fit parameters:
                m1     b1     
m1              1.000 
b1             -0.985  1.000 


*******************************************************************************
Thu Feb  4 09:34:08 2021


FIT:    data read from "integ.dat" using 1:2
        format = x:z
        x range restricted to [2.00000 : 2.50000]
        #datapoints = 108
        residuals are weighted equally (unit weight)

function used for fitting: f(x)
	f(x) = m*x + b
fitted parameters initialized with current variable values

iter      chisq       delta/lim  lambda   m             b            
   0 1.1713809954e+00   0.00e+00  3.47e+00   -2.094390e+00  -8.947599e-01
   4 1.0273825971e+00  -1.56e-03  3.47e-04   -1.997977e+00  -1.082254e+00

After 4 iterations the fit converged.
final sum of squares of residuals : 1.02738
rel. change during last iteration : -1.55911e-08

degrees of freedom    (FIT_NDF)                        : 106
rms of residuals      (FIT_STDFIT) = sqrt(WSSR/ndf)    : 0.0984494
variance of residuals (reduced chisquare) = WSSR/ndf   : 0.00969229

Final set of parameters            Asymptotic Standard Error
=======================            ==========================
m               = -1.99798         +/- 0.06785      (3.396%)
b               = -1.08225         +/- 0.1561       (14.42%)

correlation matrix of the fit parameters:
                m      b      
m               1.000 
b              -0.998  1.000 


*******************************************************************************
Thu Feb  4 09:34:38 2021


FIT:    data read from "integ.dat" using 1:3
        format = x:z
        x range restricted to [1.25000 : 2.50000]
        #datapoints = 149
        residuals are weighted equally (unit weight)

function used for fitting: f1(x)
	f1(x) = m1*x + b1
fitted parameters initialized with current variable values

iter      chisq       delta/lim  lambda   m1            b1           
   0 3.0063087561e+03   0.00e+00  6.92e+00   -4.467532e+00  -1.581592e+00
   4 3.2635923516e+01  -5.16e-04  6.92e-04    3.857389e-01  -7.745226e+00

After 4 iterations the fit converged.
final sum of squares of residuals : 32.6359
rel. change during last iteration : -5.16446e-09

degrees of freedom    (FIT_NDF)                        : 147
rms of residuals      (FIT_STDFIT) = sqrt(WSSR/ndf)    : 0.471183
variance of residuals (reduced chisquare) = WSSR/ndf   : 0.222013

Final set of parameters            Asymptotic Standard Error
=======================            ==========================
m1              = 0.385739         +/- 0.1291       (33.47%)
b1              = -7.74523         +/- 0.279        (3.603%)

correlation matrix of the fit parameters:
                m1     b1     
m1              1.000 
b1             -0.990  1.000 
