1.9090909090909091716525836091023  0.90909090909090906063028114658664
1.8264462809917354491062724264339  0.82644628099173544910627242643386
1.7513148009015777617491949058603  0.7513148009015776507268924433447
1.6830134553650704098970436461968  0.68301345536507052091934610871249
1.6209213230591550392034605465597  0.620921323059154928181158084044
1.5644739300537771065080505650258  0.56447393005377710650805056502577
1.5131581182307063393466251000063  0.513158118230706450368927562522
1.466507380209733035769659181824  0.46650738020973309128081041308178
1.4240976183724844972289247380104  0.42409761837248460825122720052605
1.3855432894295314216748238322907  0.38554328942953142167482383229071
1.3504938994813922015225671202643  0.35049389948139214601141588900646
1.3186308177103565064669510320527  0.31863081771035645095579980079492
1.2896643797366875716647882654797  0.28966437973668768268709072799538
1.263331254306079731719592018635  0.26333125430607967620844078737719
1.2393920493691632511712441555574  0.2393920493691633344379710024441
1.2176291357901485312709155550692  0.2176291357901484757597643238114
1.1978446689001349678704855250544  0.19784466890013496787048552505439
1.1798587899092136677126063659671  0.17985878990921358444587951908034
1.163507990826557758623494009953  0.16350799082655778637906962558191
1.1486436280241434371163222749601  0.14864362802414343711632227496011
1.1351305709310395286593120545149  0.13513057093103947314816082325706
1.1228459735736722180377000768203  0.12284597357367223191548788463479
1.1116781577942473901998710061889  0.11167815779424747346659785307565
1.101525597994770455656521335186  0.10152559799477042790094571955706
1.0922959981770641313403302774532  0.092295998177064020318027814937523
1.0839054528882399175415685022017  0.083905452888240014686083156902896
1.0762776844438546319793204020243  0.076277684443854548712593555137573
1.0693433494944131201265236086329  0.069343349494413217271038263334049
1.063039408631284654660476007848  0.063039408631284737927202854734787
1.0573085533011679082449063571403  0.057308553301167936000481972769194
1.0520986848192435125781685201218  0.052098684819243575028213655286891
1.0473624407447668094306436614715  0.047362440744766885758476604451062
1.043056764313424533696661455906  0.043056764313424436552146801204799
1.0391425130122040609847999803605  0.039142513012204033229224364731635
1.0355841027383672070527609321289  0.035584102738367297258381682922845
1.0323491843076066931672585269553  0.03234918430760663071721339179021
1.0294083493705514786853427722235  0.029408349370551478685342772223521
1.0267348630641377482675125065725  0.026734863064137706634149083129159
1.0243044209673979327845927400631  0.024304420967397911967911028341405
1.022094928152179837965718434134  0.022094928152179917762998329067159
1.0200862983201635092456172060338  0.020086298320163561287321485337998
1.0182602712001487255122356145876  0.018260271200148690817766095051411
1.0166002465455896697221760405228  0.016600246545589718294433367873353
1.0150911332232632755534496027394  0.015091133223263379636858161347845
1.013719212021148452507190995675  0.013719212021148525365576986700944
1.0124720109283167346347909187898  0.012472010928316840452922953375037
1.0113381917530153142337212557322  0.011338191753015309029550827801813
1.0103074470481956392831079938333  0.010307447048195734692899172557645
1.0093704064074506820958276875899  0.0093704064074506664833164037986535
1.008518551279500519157750204613  0.0085185512795006058939240034533213
1.0077441375268187950808851383044  0.0077441375268187317634782651509795
1.0070401250243805613138192711631  0.0070401250243806645298660917831057
1.0064001136585278839419288487989  0.0064001136585278761356732069032205
1.0058182851441161975714067011722  0.0058182851441162504804727184648527
1.0052893501310147250649151828839  0.0052893501310147727698107722460463
1.0048085001191042753276860821643  0.0048085001191043386450929553177502
1.0043713637446403108555159633397  0.0043713637446403073860690113860983
1.0039739670405820604059954348486  0.0039739670405820977025501683499442
1.0036126973096199943569217793993  0.0036126973096200884656703511410569
1.0032842702814728230720220381045  0.0032842702814728074595107543132144
1.0029857002558844047968023005524  0.00298570025588437010233278101623
1.0027142729598947923363994050305  0.002714272959894881674658417836099
1.0024675208726316899543462568545  0.0024675208726317103373470995819616
1.0022432007933015363221329607768  0.0022432007933015545367294585332729
1.0020392734484560026686494893511  0.0020392734484559584332008519425017
1.0018538849531417600502436471288  0.0018538849531417802164040553591917
1.0016853499574016606032955678529  0.0016853499574016183194108409182377
1.0015321363249105601767041662242  0.0015321363249105619114276422010334
1.0013928512044640850575660806498  0.0013928512044641470739303468207027
1.0012662283676947438948445778806  0.0012662283676946790595546632474111
1.001151116697904353003423238988  0.0011511166979042536905042393158283
1.0010464697253675936394756718073  0.0010464697253675032170144865162342
1.0009513361139703579993920357083  0.00095133611397045742073125262905364
1.0008648510127005071268513347604  0.00086485101270041572860819423240741
1.0007862281933639359010612679413  0.00078622819336401428887833864322943
1.0007147529030582244757852095063  0.00071475290305819476864568340346295
1.0006497753664165273335129313637  0.00064977536641654066919965293536166
1.0005907048785604995799758398789  0.00059070487856049144845954623761486
1.0005370044350549996181598544354  0.00053700443505499213716486428538133
1.0004881858500500602104921199498  0.00048818585004999282732709997567611
1.000443805318227186162971520389  0.00044380531822726617709184981919179
1.0004034593802066943624140549218  0.00040345938020660556625612835901507
1.0003667812547332172101732794545  0.00036678125473327776286461276988859
1.0003334375043029247365211631404  0.00033343750430297975978141677977362
1.0003031250039118305039664846845  0.00030312500391179976683489472044641
1.0002755681853743308096227337955  0.00027556818537436338989801698495796
1.0002505165321584623683293102658  0.0002505165321585121332090273504889
1.000227742301962319260155709344  0.00022774230196228375253456044369216
1.0002070384563293004021033993922  0.00020703845632934883883545518212799
1.0001882167784812427413498880924  0.00018821677848122620726675768842995
1.0001711061622555742900431141607  0.00017110616225566018596022932474199
1.0001555510565960371849314469728  0.00015555105659605469479653261366536
1.0001414100514509630812653995235  0.00014141005145095879866681820580254
1.0001285545922280473263299427344  0.00012855459222814436242438018709322
1.0001168678111165277755389979575  0.00011686781111649487000306302242336
1.0001062434646512677716145844897  0.00010624346465135896656981767671724
1.0000965849678649099985250359168  9.658496786487178039845580279632e-05
1.0000878045162406859702741712681  8.7804516240792520242672281050034e-05
1.0000798222874915932578687716159  7.9822287491629551536495568164753e-05
1.000072565715901529159737037844  7.2565715901481400631339857554281e-05
1.0000659688326376528522132502985  6.5968832637710355585973498460106e-05
1.0000599716660343307950142843765  5.9971666034282134665530511474785e-05
1.0000545196963948058055393630639  5.4519696394801936292860006227912e-05
1.0000495633603589951121648482513  4.9563360358910849327255393470537e-05
1.0000450576003263591928771347739  4.5057600326282587217385094957578e-05
1.0000409614548420034196851702291  4.0961454842075078672507942867398e-05
1.0000372376862201040381705752225  3.7237686220068252722619622785416e-05
1.000033852442018256212463711563  3.3852442018243866111472384350378e-05
1.0000307749472892027142734150402  3.077494728931260493986002413358e-05
1.0000279772248084064756312727695  2.7977224808466001718674012743726e-05
1.0000254338407350562789588366286  2.5433840734969088775378059930077e-05
1.0000231216733954653363980469294  2.312167339542644403324080093487e-05
1.000021019703086766483579594933  2.1019703086751311525443713934536e-05
1.0000191088209879897164000794874  1.9108820987955736826367433844887e-05
1.0000173716554436875725286881789  1.7371655443596123463570815581569e-05
1.0000157924140395948597870301455  1.5792414039632837356253239335935e-05
1.000014356740036136628191343334  1.4356740036029851218012456937068e-05
1.0000130515818508314396240166388  1.3051581850936227763987362848752e-05
1.0000118650744098669491677355836  1.1865074409942025085982521270811e-05
1.0000107864312817174123892982607  1.0786431281765476426857258696046e-05
1.0000098058466198036597916143364  9.8058466197867953656345033075503e-06
1.0000089144060180235129564607632  8.9144060179879951709164959128273e-06
1.0000081040054709102804508802365  8.104005470898176350063972506188e-06
1.0000073672777007871559362683911  7.3672777008165234155826449347071e-06
1.0000066975251824530346311803441  6.6975251825604756783418686216791e-06
1.0000060886592567754860283457674  6.088659256873159091559555289308e-06
1.0000055351447789675489730143454  5.535144778975598327112103008707e-06
1.0000050319497990614081572857685  5.0319497990687256749170984393427e-06
1.0000045744998173891104897847981  4.5744998173352044659885871913385e-06
1.0000041586361976264640816225437  4.1586361975774581434261989443257e-06
1.0000037805783614786037105659489  3.7805783614340527421556880510733e-06
1.0000034368894195058175000667688  3.4368894194855022618598217043484e-06
1.0000031244449267830987082561478  3.1244449268050017097227231271939e-06
1.0000028404044789542837179396884  2.8404044789136375714162698752352e-06
1.0000025821858899988114899315406  2.5821858899214883932755372486501e-06
1.0000023474417181201800985945738  2.3474417181104438783823592368227e-06
1.0000021340379254830565969314193  2.1340379255549489418461017037343e-06
1.0000019400344777320555067490204  1.940034477777226079760197752222e-06
1.0000017636677069887696234218311  1.7636677070702054885532276268245e-06
1.0000016033342791210714040062157  1.6033342791547320698136280120449e-06
1.000001457576617402978058635199  1.4575766174133927522381642266636e-06
1.0000013250696522248972542001866  1.3250696521939932571196134325486e-06
1.0000012046087747297207215524395  1.2046087747218119749239260973805e-06
1.0000010950988860169985628090217  1.0950988861107380050157605877459e-06
1.0000009955444419951220424991334  9.9554444191885265482951442028714e-07
1.0000009050404017330038186628371  9.0504040174441144663822125110419e-07
1.0000008227640015956438901412184  8.2276400158582847234843560269013e-07
1.0000007479672741173004624215537  7.4796727416893495561146538302966e-07
1.000000679970249217731748103688  6.7997024924448623665478074265534e-07
1.0000006181547720363056441783556  6.1815477204044202369715354725144e-07
1.0000005619588836491828942598659  5.6195888367312904507433696590923e-07
1.0000005108717124890915783907985  5.1087171243011722707557309072768e-07
1.0000004644288293942366863120697  4.6442882948192471338538702546606e-07
1.0000004222080267624050975427963  4.2220802680174972500319933131629e-07
1.0000003838254789556572177389171  3.8382547891068151524516746143922e-07
1.0000003489322535354943966012797  3.4893225355516498979580714522031e-07
1.0000003172111395777221787284361  3.1721113959560452655263209503778e-07
1.0000002883737633130323274599505  2.8837376326873133964824808331273e-07
1.000000262157966668397079956776  2.6215796660793756224765854723202e-07
1.0000002383254242843690917652566  2.3832542418903413065346620549473e-07
1.0000002166594765817819734365912  2.166594765354855612896149133148e-07
1.0000001969631604481492104241624  1.9696316048680504127977013845152e-07
1.0000001790574186699700476310682  1.7905741862436820250084037933064e-07
1.000000162779471457596969230508  1.6277947147669835628448048968353e-07
1.0000001479813376281668979572714  1.4798133770608940277235517166826e-07
1.0000001345284887932507444929797  1.3452848882371761963321044573705e-07
1.0000001222986261151248754686094  1.222986262033796469929786956618e-07
1.0000001111805691955680686078267  1.111805692757996646464644860397e-07
1.0000001010732448847306841344107  1.0107324479618150248642151388737e-07
1.0000000918847680164702751426375  9.1884767996528631404988757616636e-08
1.0000000835316071867708842546563  8.3531607269571478282757124797508e-08
1.000000075937824695060385238321  7.5937824790519516086222985562504e-08
1.0000000690343862075337710848544  6.9034386173199555265697332021024e-08
1.0000000627585328150104260203079  6.2758532884726862407502210542548e-08
1.0000000570532117105670977252885  5.7053211713388054929335218559347e-08
1.0000000518665561610731629116344  5.1866556103080046326243889368013e-08
1.0000000471514145505835813310114  4.7151414639163673064130435442012e-08
1.0000000428649225003852052395814  4.2864922399239697371300022782012e-08
1.0000000389681111823136916427757  3.896811127203608671460595695886e-08
1.0000000354255556000993010457023  3.542555570185098671919725170365e-08
1.000000032205050626288311832468  3.2205050638046346750219392149339e-08
1.0000000292773187915429389249766  2.9277318761860313723507424584803e-08
1.0000000266157442752046335954219  2.6615744328963918859688381267185e-08
1.0000000241961310987193201071932  2.4196131208149015340413555581744e-08
1.0000000219964828573893100838177  2.1996482916499103952542564107374e-08
1.0000000199968026581842650557519  1.9996802651362820872659844585219e-08
1.0000000181789114872543677847716  1.8178911501238928066054404168381e-08
1.00000001652628323078886296571  1.6526283182944478255291758219195e-08
1.0000000150238939067293131301994  1.5023893802676798113108648361803e-08
1.0000000136580853293821746774483  1.3658085275160723752613798395034e-08
1.0000000124164412085292497067712  1.2416441159237020991699371229647e-08
1.0000000112876736846345693265903  1.1287673781124564086719094270755e-08
1.0000000102615216324153379900963  1.0261521619204148568158731116666e-08
1.0000000093286560698402354319114  9.3286560174583167297478260055095e-09
1.000000008480596447313359931286  8.480596379507560212217689521539e-09
1.0000000077096331541071094761719  7.7096330722795991401498472248184e-09
1.0000000070087573522670254533296  7.008757338435998992723330417191e-09
1.0000000063715974718547840893734  6.3715975803963619686751980583303e-09
1.0000000057923614793509159426321  5.7923614367239646740859868230024e-09
1.0000000052657831428604140455718  5.265783124294513114483457324631e-09
1.0000000047870756247903045732528  4.7870755675404660165228089025585e-09
1.0000000043518868508840569120366  4.3518868795822412316166535092149e-09
1.0000000039562608744603267041384  3.9562607996202186246855474649909e-09
1.0000000035966007949639333673986  3.5966007269274710257974363028857e-09
1.0000000032696370055873558158055  3.2696370244795187007709994533823e-09
1.0000000029723972172490675802692  2.9723972949813804114698324431582e-09
1.0000000027021793691517359548016  2.7021793590739819666505897065908e-09
1.0000000024565267597864703930099  2.4565266900672563333187179150825e-09
1.0000000022332060645169349299977  2.2332060818793236385877026307922e-09
1.0000000020301873515649049295462  2.0301873471630215272243029622215e-09
1.0000000018456247641296386063914  1.8456248610572921470801640469236e-09
1.0000000016778407552209273490007  1.6778407827793564597464849266111e-09
1.0000000015253098784029361922876  1.5253098025266876154803851557348e-09
1.0000000013866452430733033907018  1.3866452750242613182220569501175e-09
1.0000000012605865240544744665385  1.260586613658419342602751202242e-09
1.0000000011459877491404313332168  1.1459878305985629259324175629889e-09
1.0000000010418070850448657438392  1.0418071187259662211039602797147e-09
1.0000000009470972894831675148453  9.4709738065996923551401303476146e-10
1.0000000008609977175666472248849  8.6099761878179019530408883721434e-10
1.0000000007827252179737342885346  7.8272510798344551929726995841835e-10
1.0000000007115683597902489054832  7.1156827998495042508952879441284e-10
1.0000000006468803270820444595302  6.4688025453177301032017688033776e-10
1.0000000005880729236906745427405  5.8807295866524809720236391928118e-10
1.0000000005346116882520846047555  5.346117806047709222584569672531e-10
1.0000000004860107871706986770732  4.8601070964070078201810093252366e-10
1.0000000004418279075935060973279  4.4182791785518250560791526385595e-10
1.0000000004016618149194073339459  4.0166174350471134993490904548205e-10
1.0000000003651470237286957853939  3.6514703954973754385101887356166e-10
1.0000000003319517993816134548979  3.3195185413612500226544385991843e-10
1.00000000030177438326006722491  3.0177441285102271993244200273235e-10
1.0000000002743403282323697567335  2.7434037531911151657604883469829e-10
1.0000000002494002782071902402095  2.4940034119919227369673849939002e-10
1.0000000002267275256429002183722  2.2672758290835659130207615576011e-10
1.000000000206116013146129262168  2.0611598446214233457965584336928e-10
1.0000000001873781130257157201413  1.8737816769285665135007267615618e-10
1.0000000001703437391142870183103  1.7034378881168784841408797868972e-10
1.0000000001548579042776054848218  1.5485798982880712552211847434262e-10
1.000000000140780054280753574858  1.4077999075346102085198096374037e-10
1.0000000001279818473420846203226  1.279818097758736341704783960786e-10
1.0000000001163471541332228298415  1.1634709979624875246193623682552e-10
1.0000000001057700593776189634809  1.0577009072386249753823400760827e-10
1.0000000000961546398059454077156  9.6154627930784080446314598008666e-11
1.0000000000874131877992567751789  8.741329811889461388766888141113e-11
1.0000000000794666554781997547252  7.9466634653540558079698983101028e-11
1.0000000000722424342569638611167  7.2242395139582314952246926430978e-11
1.0000000000656747989324912850861  6.567490467234755434760736179505e-11
1.0000000000597044635952670432744  5.970445879304323005012514061904e-11
1.0000000000542768052724795779795  5.4276780720948386254769374693289e-11
1.0000000000493425300618355322513  4.9342527928134890720382581020691e-11
1.0000000000448567849531400497654  4.4856843571031715899280284759479e-11
1.0000000000407789357836918497924  4.0778948700937917082451723301724e-11
1.0000000000370716790598635270726  3.7071771546307192060307310262044e-11
1.0000000000337017080909163269098  3.3701610496642900110547954173532e-11
1.0000000000306379366321607449208  3.0637827724220817694830091469527e-11
1.0000000000278526091079811521922  2.7852570658382559778295937089426e-11
1.0000000000253204124334160951548  2.5320518780347780147917093815267e-11
1.0000000000230186980587632206152  2.3018653436679798959497624273783e-11
1.0000000000209261497019497255678  2.0926048578799815767191354891955e-11
1.0000000000190236715269520573202  1.9023680526181650403703571012208e-11
1.0000000000172941660991909884615  1.7294255023801498310801439602293e-11
1.0000000000157220902963217668002  1.5722050021637725737092217820267e-11
1.0000000000142927891744193402701  1.4292772746943386152490852258807e-11
1.0000000000129933841463980570552  1.2993429769948532572157659527528e-11
1.0000000000118121068481968904962  1.1812208881771392953672938862728e-11
1.0000000000107382991387794390903  1.0738371710701264852805277245542e-11
1.0000000000097621910555290014599  9.7621561006375133556786944147989e-12
1.0000000000088746787696436513215  8.8746873642159200574627157279028e-12
1.0000000000080679907199510125793  8.06789760383265474456493556106e-12
1.0000000000073343553452787091373  7.3344523671205952223317596009637e-12
1.0000000000066677774412937651505  6.6676839701096318734300420106368e-12
1.0000000000060615956698484296794  6.061530881917846790484780488617e-12
1.0000000000055104809604245019727  5.5104826199253144562835062251539e-12
1.0000000000050095483317136313417  5.0095296544775583028782540423886e-12
1.0000000000045541348470123921288  4.5541178677068708906916611489656e-12
1.0000000000041400216588272087392  4.1401071524607914250674857913084e-12
1.000000000003763656053479280672  3.7637337749643556206631051885578e-12
1.0000000000034214853172898074263  3.4215761590585048159506167363921e-12
1.000000000003110622870394763595  3.1105237809622767749486469186817e-12
1.0000000000028277380437202737085  2.8277488917838877202008168067919e-12
1.0000000000025706103912170874537  2.5706808107126248330036666669399e-12
1.0000000000023370194668359545176  2.3369825551932950089874908076486e-12
1.0000000000021245227799226995558  2.1245295956302679696812915670489e-12
1.0000000000019313439736379223177  1.9313905414820618273372453766951e-12
1.000000000001755706691142222553  1.7558095831655105134584873810386e-12
1.0000000000015962786648060500738  1.5961905301504639011956877007288e-12
1.0000000000014510614931850795983  1.4510823001367853280054630485572e-12
1.0000000000013191669978596110013  1.3191657273970774056835549869419e-12
1.000000000001199262911200094095  1.199241570360979422994433308751e-12
1.0000000000010902390101819037227  1.0902196094190720558506544722616e-12
1.0000000000009912071163853397593  9.9110873583552003241437754418521e-13
1.0000000000009010570067857770482  9.0100794166865448312743788717791e-13
1.0000000000008191225475684404955  8.1909812878968581113696509610668e-13
1.0000000000007447376049185550073  7.4463466253607797340662431708261e-13
1.0000000000006770140004164204584  6.7694060230552542119018611841242e-13
1.000000000000615507644852186786  6.1540054755047758219166311252801e-13
1.0000000000005595524044110788964  5.5945504322770681946573310717855e-13
1.0000000000005087041898832467268  5.0859549384336982669846683668145e-13
1.0000000000004622968674539151834  4.6235953985760893336224257880132e-13
1.0000000000004203304371230842662  4.2032685441600809369998528937679e-13
1.0000000000003821387650759788812  3.8211532219637094378561596528869e-13
1.0000000000003472777621027489658  3.4737756563306444386346203429951e-13
1.0000000000003157474282033945201  3.157977869391494439342311879457e-13
1.0000000000002871036741680654814  2.8708889721740855785633857041714e-13
1.000000000000260902410786911787  2.6098990656128050255238979727515e-13
1.0000000000002373656826648584683  2.3726355141934587469337404541758e-13
1.0000000000002156053113822054002  2.1569413765395076534250944383954e-13
1.000000000000196065386148802645  1.9608557968540978208527240947733e-13
1.0000000000001783018177548001404  1.7825961789582706314863447812831e-13
1.0000000000001620925615952728549  1.6205419808711550277383171936305e-13
1.0000000000001472155730652957573  1.4732199826101408425128375684918e-13
1.0000000000001338928967697938788  1.339290893281946082774130696416e-13
1.0000000000001216804434989171568  1.2175371757108598687110818116042e-13
1.0000000000001105782132526655914  1.1068519779189634711127126158722e-13
1.0000000000001005862060310391826  1.0062290708354212914778315288431e-13
1.0000000000000914823772291128989  9.1475370075947380954875969141237e-14
1.0000000000000832667268468867405  8.3159427341770344027746429485454e-14
1.0000000000000754951656745106447  7.5599479401609402514153619210759e-14
1.0000000000000688338275267597055  6.8726799456008546592705609870128e-14
1.0000000000000623945339839337976  6.2478908596371407140802780203406e-14
1.0000000000000568434188608080149  5.6799007814883095105861712269244e-14
1.0000000000000517363929475322948  5.1635461649893721102359581580741e-14
1.000000000000046851411639181606  4.694132877263065440016557566102e-14
1.0000000000000426325641456060112  4.267393524784604314380873610556e-14
1.0000000000000388578058618804789  3.8794486588950947165119352501765e-14
1.000000000000035305092183079978  3.5267715080864495701684709064852e-14
1.0000000000000319744231092045084  3.2061559164422267098562305940385e-14
1.0000000000000290878432451791014  2.9146871967656604158370372030134e-14
1.0000000000000264233079860787257  2.6497156334233273639024319223715e-14
1.0000000000000239808173319033813  2.4088323940212064936557986004438e-14
1.0000000000000219824158875780995  2.1898476309283693675719830430918e-14
1.0000000000000199840144432528177  1.9907705735712446501240848839709e-14
1.0000000000000182076576038525673  1.8097914305193131174936649291706e-14
1.0000000000000164313007644523168  1.6452649368357389395488536814603e-14
1.0000000000000148769885299770976  1.4956953971233987777808434562691e-14
1.0000000000000135447209004269098  1.3597230882939988458628992209167e-14
1.0000000000000124344978758017533  1.2361118984490897738178096312685e-14
1.0000000000000113242748511765967  1.1237380894991725073096286607711e-14
1.0000000000000102140518265514402  1.0215800813628840545254312250095e-14
1.0000000000000093258734068513149  9.2870916487534914047766475000861e-15
1.0000000000000084376949871511897  8.4428105897759007033526575666151e-15
1.0000000000000077715611723760958  7.6752823543417270515632466376372e-15
1.0000000000000068833827526759706  6.9775294130379330378076653988424e-15
1.0000000000000064392935428259079  6.3432085573072117091231675951273e-15
1.000000000000005773159728050814  5.7665532339156467931499054807489e-15
1.0000000000000053290705182007514  5.2423211217414965826793380236733e-15
1.0000000000000046629367034256575  4.765746474310450793367748477057e-15
1.0000000000000044408920985006262  4.3324967948276818939935761619512e-15
1.0000000000000039968028886505635  3.9386334498433472480724242582294e-15
1.0000000000000035527136788005009  3.580575863493951971987576123753e-15
1.0000000000000033306690738754696  3.2550689668126832881819716129979e-15
1.000000000000002886579864025407  2.9591536061933482645152230070408e-15
1.0000000000000026645352591003757  2.6901396419939528601691702035355e-15
1.0000000000000024424906541753444  2.4455814927217751481399489984387e-15
1.0000000000000022204460492503131  2.2232559024743408286197067564865e-15
1.0000000000000019984014443252818  2.0211417295221278108740319910754e-15
1.0000000000000017763568394002505  1.8374015722928435002882520473873e-15
1.0000000000000017763568394002505  1.6703650657207666929432669397366e-15
1.0000000000000015543122344752192  1.5185136961097876875318139758482e-15
1.0000000000000013322676295501878  1.3804669964634431550864227637e-15
1.0000000000000013322676295501878  1.254969996784948233162554191885e-15
1.0000000000000011102230246251565  1.1408818152590437586863100356895e-15
1.0000000000000011102230246251565  1.0371652865991306180001995578076e-15
1.0000000000000008881784197001252  9.4287753327193678202547137600477e-16
1.0000000000000008881784197001252  8.5716139388357885689311464995835e-16
1.0000000000000008881784197001252  7.792376308032534255875116478132e-16
1.0000000000000006661338147750939  7.0839784618477582351453547026173e-16
1.0000000000000006661338147750939  6.4399804198615974095105545670237e-16
1.0000000000000006661338147750939  5.8545276544196333811429659078531e-16
1.0000000000000004440892098500626  5.3222978676542121646754235525937e-16
1.0000000000000004440892098500626  4.8384526069583746951594759569034e-16
1.0000000000000004440892098500626  4.3985932790530675909389362933734e-16
1.0000000000000004440892098500626  3.9987211627755154987246035944798e-16
1.0000000000000004440892098500626  3.6352010570686499603479375045765e-16
1.0000000000000002220446049250313  3.3047282336987722430089743104037e-16
1.0000000000000002220446049250313  3.0042983942716107266133773850769e-16
1.0000000000000002220446049250313  2.7311803584287366656208407041555e-16
1.0000000000000002220446049250313  2.4828912349352149712778312717296e-16
1.0000000000000002220446049250313  2.2571738499411043848785559479908e-16
1.0000000000000002220446049250313  2.0519762272191857372025873486554e-16
1.0000000000000002220446049250313  1.8654329338356231957595070502235e-16
1.0000000000000002220446049250313  1.6958481216687482029056218482974e-16
1.0000000000000002220446049250313  1.5416801106079527324458141300404e-16
1.0000000000000002220446049250313  1.4015273732799570294961946636731e-16
1.0000000000000002220446049250313  1.2741157938908698027065107110063e-16
1.0000000000000002220446049250313  1.158287085355336049813719074606e-16
1  1.0529882594139418186453749984479e-16
1  9.5726205401267433576506220194063e-17
1  8.7023823092061294287040822664923e-17
1  7.9112566447328439266985766358586e-17
1  7.1920514952116758487822826115693e-17
1  6.5382286320106139597674698622154e-17
1  5.9438442109187394031544433257272e-17
1  5.4034947371988536106783052572603e-17
1  4.9122679429080484568450128684569e-17
1  4.4656981299164075759868149342489e-17
1  4.0597255726512794464523093391584e-17
1  3.6906596115011626849220396145691e-17
1  3.3551451013646932939020739947069e-17
1  3.0501319103315391339845828301279e-17
1  2.7728471912104898976959544986925e-17
1  2.5207701738277177806657129877627e-17
1  2.291609248934288583365493432372e-17
1  2.0832811353948075229242748458311e-17
1  1.8938919412680067269679621864073e-17
1  1.7217199466072787866710945145598e-17
1  1.5651999514611622812156204752707e-17
1  1.4229090467828745489833713486443e-17
1  1.2935536788935222612305573893207e-17
1  1.175957889903201915596510762129e-17
1  1.0690526271847288741110138283183e-17
1  9.7186602471338975949459802948844e-18
1  8.8351456792126333368178245354647e-18
1  8.0319506174660298859951253477529e-18
1  7.3017732886054817145410230434117e-18
1  6.6379757169140738657434876277046e-18
1  6.0345233790127941432679059324972e-18
1  5.4859303445570848144170276382849e-18
1  4.9872094041428042366751200793691e-18
1  4.5338267310389124521952142281301e-18
1  4.1216606645808289417251200220133e-18
1  3.7469642405280256803548545841894e-18
1  3.4063311277527503033522405404427e-18
1  3.0966646615934092616331307974623e-18
1  2.8151496923576445031675815413678e-18
1  2.5592269930524039187041700933129e-18
1  2.3265699936840032823230718103229e-18
1  2.115063630621820955646798621686e-18
1  1.9227851187471098546281835985926e-18
1  1.7479864715882815459579891341943e-18
1  1.5890786105348013703994456785905e-18
1  1.4446169186680011582754076902079e-18
1  1.3132881078800010004522812350826e-18
1  1.1938982798909099303773485996301e-18
1  1.0853620726280997966390482260466e-18
1  9.866927932982724373484105116477e-19
1  8.9699344845297482048483127685563e-19
1  8.1544858950270434724202944464628e-19
1  7.413168995479129904219373754811e-19
1  6.7392445413446631991212589794216e-19
1  6.1265859466769662820288793830329e-19
1  5.569623587888150640227178242602e-19
1  5.0632941708074090601379070064268e-19
1  4.6029947007340082364890063694789e-19
1  4.1845406370309161846861535294098e-19
1  3.8041278518462873530815057364073e-19
1  3.4582980471329884152590986518596e-19
1  3.1439073155754438387873674664872e-19
1  2.8580975596140395908162507349108e-19
1  2.598270508740035553939786034638e-19
1  2.3620640988545777325377612954156e-19
1  2.147330998958706745067404847718e-19
1  1.9521190899624604584783289084668e-19
1  1.7746537181476912602326872672231e-19
1  1.6133215619524464032414259305992e-19
1  1.4666559654113148682665248371984e-19
1  1.3333236049193769341138925352672e-19
1  1.2121123681085242885879761742756e-19
1  1.1019203346441129677398653358502e-19
1  1.0017457587673752939046540970977e-19
1  9.10677962515795623246449750287e-20
1  8.2788905683254143190745558236918e-20
1  7.526264153023103160436550140251e-20
1  6.8420583209300931256480190863978e-20
1  6.2200530190273562926743671312504e-20
1  5.6545936536612331027681715049569e-20
1  5.1405396851465753291153895059568e-20
1  4.6732178955877951518881555662222e-20
1  4.2483799050798131725906701664635e-20
1  3.8621635500725572107722064709628e-20
1  3.5110577727932332808355444090469e-20
1  3.1918707025393027637220921460385e-20
1  2.901700638672093202709862816031e-20
1  2.6379096715200844288096851131589e-20
1  2.3980997013818947437828158598227e-20
1  2.1800906376199040663171976639706e-20
1  1.9819005796544581326787055816076e-20
1  1.8017277996858707834952792292296e-20
1  1.637934363350791539288466441889e-20
1  1.4890312394098104629052827825804e-20
1  1.353664763099827611479378763117e-20
1  1.2306043300907522099304058880124e-20
1  1.1187312091734110041873745948504e-20
1  1.0170283719758280351616090900658e-20
1  9.2457124725075275923782644551434e-21
1  8.4051931568250249471954432271733e-21
1  7.6410846880227491312870743596877e-21
1  6.9464406254752259358490606715241e-21
1  6.3149460231592960317477335100168e-21
1  5.7408600210539049362678417172778e-21
1  5.2189636555035493265300869487638e-21
1  4.7445124140941350674670022022726e-21
1  4.3131931037219406968549530834245e-21
1  3.9210846397472184049682930615146e-21
1  3.5646223997701984131863783238744e-21
1  3.2405658179729072379968614619236e-21
1  2.9459689254299156025138390993611e-21
1  2.6781535685726505135436544300436e-21
1  2.4346850623387728521686019699196e-21
1  2.2133500566716114102200437812855e-21
1  2.0121364151560103045349139351446e-21
1  1.8292149228691001742613238692773e-21
1  1.6629226571537273114599605247101e-21
1  1.5117478701397519474443400057279e-21
1  1.3743162455815925427100573640682e-21
1  1.249378405074174884944428041508e-21
1  1.1357985500674315768010464875048e-21
1  1.0325441364249377457975614982136e-21
1  9.3867648765903431436141954383055e-22
1  8.533422615082129788596366522885e-22
1  7.7576569228019358294892493270482e-22
1  7.0524153843653960376455938140747e-22
1  6.4112867130594500029186955367833e-22
1  5.8284424664176812224016900693658e-22
1  5.2985840603797101166928563668934e-22
1  4.8168946003451907587038292450404e-22
1  4.3789950912229007752212521007485e-22
1  3.9809046283844549509843944277346e-22
1  3.6190042076222314316601837860023e-22
1  3.2900038251111193123464433222148e-22
1  2.9909125682828354820252719316962e-22
1  2.7190114257116682780609815168766e-22
1  2.4718285688287889589845592916846e-22
1  2.247116880753444251696286449396e-22
1  2.04283352795767650696067125783e-22
1  1.8571213890524331240281910986298e-22
1  1.6882921718658481449627108940996e-22
1  1.5348110653325891585754998588748e-22
1  1.3952827866659900159237979638185e-22
1  1.2684388969690817044222507864945e-22
1  1.1531262699718924158204334123664e-22
1  1.0482966090653566561644412241667e-22
1  9.5299691733214233989076060600599e-23
1  8.6636083393831117533726052101317e-23
1  7.8760075812573740006584545122232e-23
1  7.1600068920521572206486716110586e-23
1  6.5090971745928698800003330585203e-23
1  5.9173610678116990360044112733548e-23
1  5.3794191525560898190050373717248e-23
1  4.890381047778263044370270038918e-23
1  4.4458009525256930355215086777686e-23
1  4.0416372295688117436109759959454e-23
1  3.6742156632443741520789303387293e-23
1  3.3401960574948852187780977735715e-23
1  3.0365418704498951191190203294798e-23
1  2.7604926094999044934498797328515e-23
1  2.5095387359090037376492870141892e-23
1  2.281398850826366793784598253795e-23
1  2.0739989552966970051113835837485e-23
1  1.8854535957242699512151509478492e-23
1  1.714048723385699928934356524811e-23
1  1.558226112168817876771025081633e-23
1  1.4165691928807434709057341277442e-23
1  1.2877901753461303212329991322868e-23
1  1.1707183412237547439793122139424e-23
1  1.0642894011125041791295621465058e-23
1  9.6753581919318557731683999151824e-24
1  8.7957801744835044468614879986061e-24
1  7.9961637949850028403912212032115e-24
1  7.2692398136227295877433031796724e-24
1  6.6083998305661170055659455117789e-24
1  6.0076362096055603130457937947656e-24
1  5.4614874632777815684532894396562e-24
1  4.9649886029798008247615610019268e-24
1  4.5136260027089097071134246810372e-24
1  4.1032963660990084907013091355203e-24
1  3.7302694237263712883935565537521e-24
1  3.3911540215694282436257870677938e-24
1  3.0828672923358436908679952289194e-24
1  2.8026066293962214369685453084818e-24
1  2.5478242085420191542059642513791e-24
1  2.3162038259472900733977884772601e-24
1  2.1056398417702635361152692375251e-24
1  1.9142180379729667842244293737565e-24
1  1.7401982163390606127471218037882e-24
1  1.5819983784900549522211170176401e-24
1  1.4381803440818680381986560255006e-24
1  1.3074366764380617026316026737422e-24
1  1.1885787967618742083301870430447e-24
1  1.0805261788744310984819882209497e-24
1  9.8229652624948275001235572232434e-25
1  8.9299684204498433489041359447507e-25
1  8.118153109499856838531518657118e-25
1  7.3801391904544146398614085392621e-25
1  6.7092174458676488377331335994091e-25
1  6.0992885871524072829215165249893e-25
1  5.5448078065021881885591164100142e-25
1  5.0407343695474430563996827164485e-25
1  4.5824857904976749214101905550091e-25
1  4.165896173179703806114746628254e-25
1  3.7871783392542759786600056666145e-25
1  3.4428893993220685705882079260611e-25
1  3.129899453929153079015650554617e-25
1  2.845363139935593457735601891494e-25
1  2.5866937635778120255880559059236e-25
1  2.3515397850707379546196067563181e-25
1  2.1377634409733980570764641802972e-25
1  1.943421309975816165063614278476e-25
1  1.7667466454325599413407944395436e-25
1  1.6061333140295999258017458182234e-25
1  1.4601211945723634228087523106716e-25
