

*******************************************************************************
Thu Apr  8 07:34:31 2021


FIT:    data read from "random_histogram.dat" using ($5):($6)
        format = x:z
        x range restricted to [-3.00000 : 3.00000]
        #datapoints = 50
        residuals are weighted equally (unit weight)

function used for fitting: f(x)
	f(x) = b*exp(-x**2/(2*sigma**2))
fitted parameters initialized with current variable values

iter      chisq       delta/lim  lambda   b             sigma        
   0 3.3843411134e+08   0.00e+00  5.08e-01    1.000000e+00   1.000000e+00
   7 1.4501710336e+05  -1.51e-01  5.08e-07    4.787442e+03   9.997194e-01

After 7 iterations the fit converged.
final sum of squares of residuals : 145017
rel. change during last iteration : -1.50662e-06

degrees of freedom    (FIT_NDF)                        : 48
rms of residuals      (FIT_STDFIT) = sqrt(WSSR/ndf)    : 54.9653
variance of residuals (reduced chisquare) = WSSR/ndf   : 3021.19

Final set of parameters            Asymptotic Standard Error
=======================            ==========================
b               = 4787.44          +/- 17.52        (0.366%)
sigma           = 0.999719         +/- 0.004233     (0.4234%)

correlation matrix of the fit parameters:
                b      sigma  
b               1.000 
sigma          -0.578  1.000 


*******************************************************************************
Thu Apr  8 07:34:51 2021


FIT:    data read from "random_histogram.dat" using ($5):($6)
        format = x:z
        x range restricted to [-3.00000 : 3.00000]
        #datapoints = 50
        residuals are weighted equally (unit weight)

function used for fitting: f(x)
	f(x) = b*exp(-x**2/(2*sigma**2))
fitted parameters initialized with current variable values

iter      chisq       delta/lim  lambda   b             sigma        
   0 3.3843411134e+08   0.00e+00  5.08e-01    1.000000e+00   1.000000e+00
   7 1.4501710336e+05  -1.51e-01  5.08e-07    4.787442e+03   9.997194e-01

After 7 iterations the fit converged.
final sum of squares of residuals : 145017
rel. change during last iteration : -1.50662e-06

degrees of freedom    (FIT_NDF)                        : 48
rms of residuals      (FIT_STDFIT) = sqrt(WSSR/ndf)    : 54.9653
variance of residuals (reduced chisquare) = WSSR/ndf   : 3021.19

Final set of parameters            Asymptotic Standard Error
=======================            ==========================
b               = 4787.44          +/- 17.52        (0.366%)
sigma           = 0.999719         +/- 0.004233     (0.4234%)

correlation matrix of the fit parameters:
                b      sigma  
b               1.000 
sigma          -0.578  1.000 


*******************************************************************************
Thu Apr  8 07:53:40 2021


FIT:    data read from "random_histogram.dat" using ($5):($6)
        format = x:z
        x range restricted to [-3.00000 : 3.00000]
        #datapoints = 50
        residuals are weighted equally (unit weight)

function used for fitting: f(x)
	f(x) = b*exp(-x**2/(2*sigma**2))
fitted parameters initialized with current variable values

iter      chisq       delta/lim  lambda   b             sigma        
   0 3.3787414129e+06   0.00e+00  5.08e-01    1.000000e+00   1.000000e+00
  19 8.0289023354e+03  -6.97e-04  5.08e-05    4.789094e+02  -9.991872e-01

After 19 iterations the fit converged.
final sum of squares of residuals : 8028.9
rel. change during last iteration : -6.97178e-09

degrees of freedom    (FIT_NDF)                        : 48
rms of residuals      (FIT_STDFIT) = sqrt(WSSR/ndf)    : 12.9332
variance of residuals (reduced chisquare) = WSSR/ndf   : 167.269

Final set of parameters            Asymptotic Standard Error
=======================            ==========================
b               = 478.909          +/- 4.124        (0.8612%)
sigma           = -0.999187        +/- 0.009953     (0.9961%)

correlation matrix of the fit parameters:
                b      sigma  
b               1.000 
sigma           0.578  1.000 


*******************************************************************************
Thu Apr  8 07:54:30 2021


FIT:    data read from "random_histogram.dat" using ($5):($6)
        format = x:z
        x range restricted to [-3.00000 : 3.00000]
        #datapoints = 50
        residuals are weighted equally (unit weight)

function used for fitting: f(x)
	f(x) = b*exp(-x**2/(2*sigma**2))
fitted parameters initialized with current variable values

iter      chisq       delta/lim  lambda   b             sigma        
   0 3.3915870993e+08   0.00e+00  5.08e-01    1.000000e+00   1.000000e+00
  20 1.6961668044e+05  -3.94e-02  5.08e-05    4.803079e+03  -9.952736e-01

After 20 iterations the fit converged.
final sum of squares of residuals : 169617
rel. change during last iteration : -3.93656e-07

degrees of freedom    (FIT_NDF)                        : 48
rms of residuals      (FIT_STDFIT) = sqrt(WSSR/ndf)    : 59.4448
variance of residuals (reduced chisquare) = WSSR/ndf   : 3533.68

Final set of parameters            Asymptotic Standard Error
=======================            ==========================
b               = 4803.08          +/- 18.99        (0.3954%)
sigma           = -0.995274        +/- 0.004552     (0.4573%)

correlation matrix of the fit parameters:
                b      sigma  
b               1.000 
sigma           0.578  1.000 


*******************************************************************************
Thu Apr  8 07:54:46 2021


FIT:    data read from "random_histogram.dat" using ($5):($6)
        format = x:z
        x range restricted to [-3.00000 : 3.00000]
        #datapoints = 50
        residuals are weighted equally (unit weight)

function used for fitting: f(x)
	f(x) = b*exp(-x**2/(2*sigma**2))
fitted parameters initialized with current variable values

iter      chisq       delta/lim  lambda   b             sigma        
   0 3.3832476130e+10   0.00e+00  5.08e-01    1.000000e+00   1.000000e+00
   3 1.3907700682e+10  -1.30e-01  5.08e-03    1.996306e+04   6.278144e+03

After 3 iterations the fit converged.
final sum of squares of residuals : 1.39077e+10
rel. change during last iteration : -1.29564e-06

degrees of freedom    (FIT_NDF)                        : 48
rms of residuals      (FIT_STDFIT) = sqrt(WSSR/ndf)    : 17021.9
variance of residuals (reduced chisquare) = WSSR/ndf   : 2.89744e+08

Final set of parameters            Asymptotic Standard Error
=======================            ==========================
b               = 19963.1          +/- 3612         (18.09%)
sigma           = 6278.14          +/- 1.115e+10    (1.776e+08%)

correlation matrix of the fit parameters:
                b      sigma  
b               1.000 
sigma          -0.746  1.000 


*******************************************************************************
Thu Apr  8 12:07:56 2021


FIT:    data read from "total_R.dat" using ($1):($2)
        format = x:z
        x range restricted to [3.00000 : 25600.0]
        #datapoints = 14
        residuals are weighted equally (unit weight)

function used for fitting: f(x)
	f(x) = a*sqrt(x)
fitted parameters initialized with current variable values

iter      chisq       delta/lim  lambda   a            
   0 5.3123103615e+01   0.00e+00  6.05e+01    1.000000e+00
   3 3.3898422982e+00  -3.32e-03  6.05e-02    1.031168e+00

After 3 iterations the fit converged.
final sum of squares of residuals : 3.38984
rel. change during last iteration : -3.32207e-08

degrees of freedom    (FIT_NDF)                        : 13
rms of residuals      (FIT_STDFIT) = sqrt(WSSR/ndf)    : 0.510644
variance of residuals (reduced chisquare) = WSSR/ndf   : 0.260757

Final set of parameters            Asymptotic Standard Error
=======================            ==========================
a               = 1.03117          +/- 0.002257     (0.2189%)


*******************************************************************************
Thu Apr  8 12:09:51 2021


FIT:    data read from "total_R.dat" using ($1):($2)
        format = x:z
        x range restricted to [3.00000 : 25600.0]
        #datapoints = 14
        residuals are weighted equally (unit weight)

function used for fitting: f(x)
	f(x) = a*sqrt(x)
fitted parameters initialized with current variable values

iter      chisq       delta/lim  lambda   a            
   0 5.3123103615e+01   0.00e+00  6.05e+01    1.000000e+00
   3 3.3898422982e+00  -3.32e-03  6.05e-02    1.031168e+00

After 3 iterations the fit converged.
final sum of squares of residuals : 3.38984
rel. change during last iteration : -3.32207e-08

degrees of freedom    (FIT_NDF)                        : 13
rms of residuals      (FIT_STDFIT) = sqrt(WSSR/ndf)    : 0.510644
variance of residuals (reduced chisquare) = WSSR/ndf   : 0.260757

Final set of parameters            Asymptotic Standard Error
=======================            ==========================
a               = 1.03117          +/- 0.002257     (0.2189%)


*******************************************************************************
Thu Apr  8 12:13:13 2021


FIT:    data read from "total_R.dat" using ($1):($2)
        format = x:z
        x range restricted to [3.00000 : 25600.0]
        #datapoints = 14
        residuals are weighted equally (unit weight)

function used for fitting: f(x)
	f(x) = a*sqrt(x)
fitted parameters initialized with current variable values

iter      chisq       delta/lim  lambda   a            
   0 5.3123103615e+01   0.00e+00  6.05e+01    1.000000e+00
   3 3.3898422982e+00  -3.32e-03  6.05e-02    1.031168e+00

After 3 iterations the fit converged.
final sum of squares of residuals : 3.38984
rel. change during last iteration : -3.32207e-08

degrees of freedom    (FIT_NDF)                        : 13
rms of residuals      (FIT_STDFIT) = sqrt(WSSR/ndf)    : 0.510644
variance of residuals (reduced chisquare) = WSSR/ndf   : 0.260757

Final set of parameters            Asymptotic Standard Error
=======================            ==========================
a               = 1.03117          +/- 0.002257     (0.2189%)


*******************************************************************************
Thu Apr  8 12:13:31 2021


FIT:    data read from "total_R.dat" using ($1):($2)
        format = x:z
        x range restricted to [3.00000 : 25600.0]
        #datapoints = 14
        residuals are weighted equally (unit weight)

function used for fitting: f(x)
	f(x) = a*sqrt(x)
fitted parameters initialized with current variable values

iter      chisq       delta/lim  lambda   a            
   0 5.3123103615e+01   0.00e+00  6.05e+01    1.000000e+00
   3 3.3898422982e+00  -3.32e-03  6.05e-02    1.031168e+00

After 3 iterations the fit converged.
final sum of squares of residuals : 3.38984
rel. change during last iteration : -3.32207e-08

degrees of freedom    (FIT_NDF)                        : 13
rms of residuals      (FIT_STDFIT) = sqrt(WSSR/ndf)    : 0.510644
variance of residuals (reduced chisquare) = WSSR/ndf   : 0.260757

Final set of parameters            Asymptotic Standard Error
=======================            ==========================
a               = 1.03117          +/- 0.002257     (0.2189%)


*******************************************************************************
Thu Apr  8 12:13:58 2021


FIT:    data read from "total_R.dat" using ($1):($2)
        format = x:z
        x range restricted to [3.00000 : 25600.0]
        #datapoints = 14
        residuals are weighted equally (unit weight)

function used for fitting: f(x)
	f(x) = a*sqrt(x)
fitted parameters initialized with current variable values

iter      chisq       delta/lim  lambda   a            
   0 5.3123103615e+01   0.00e+00  6.05e+01    1.000000e+00
   3 3.3898422982e+00  -3.32e-03  6.05e-02    1.031168e+00

After 3 iterations the fit converged.
final sum of squares of residuals : 3.38984
rel. change during last iteration : -3.32207e-08

degrees of freedom    (FIT_NDF)                        : 13
rms of residuals      (FIT_STDFIT) = sqrt(WSSR/ndf)    : 0.510644
variance of residuals (reduced chisquare) = WSSR/ndf   : 0.260757

Final set of parameters            Asymptotic Standard Error
=======================            ==========================
a               = 1.03117          +/- 0.002257     (0.2189%)


*******************************************************************************
Thu Apr  8 12:14:07 2021


FIT:    data read from "total_R.dat" using ($1):($2)
        format = x:z
        x range restricted to [3.00000 : 25600.0]
        #datapoints = 14
        residuals are weighted equally (unit weight)

function used for fitting: f(x)
	f(x) = a*sqrt(x)
fitted parameters initialized with current variable values

iter      chisq       delta/lim  lambda   a            
   0 5.3123103615e+01   0.00e+00  6.05e+01    1.000000e+00
   3 3.3898422982e+00  -3.32e-03  6.05e-02    1.031168e+00

After 3 iterations the fit converged.
final sum of squares of residuals : 3.38984
rel. change during last iteration : -3.32207e-08

degrees of freedom    (FIT_NDF)                        : 13
rms of residuals      (FIT_STDFIT) = sqrt(WSSR/ndf)    : 0.510644
variance of residuals (reduced chisquare) = WSSR/ndf   : 0.260757

Final set of parameters            Asymptotic Standard Error
=======================            ==========================
a               = 1.03117          +/- 0.002257     (0.2189%)


*******************************************************************************
Thu Apr  8 12:14:23 2021


FIT:    data read from "total_R.dat" using ($1):($2)
        format = x:z
        x range restricted to [3.00000 : 25600.0]
        #datapoints = 14
        residuals are weighted equally (unit weight)

function used for fitting: f(x)
	f(x) = a*sqrt(x)
fitted parameters initialized with current variable values

iter      chisq       delta/lim  lambda   a            
   0 5.3123103615e+01   0.00e+00  6.05e+01    1.000000e+00
   3 3.3898422982e+00  -3.32e-03  6.05e-02    1.031168e+00

After 3 iterations the fit converged.
final sum of squares of residuals : 3.38984
rel. change during last iteration : -3.32207e-08

degrees of freedom    (FIT_NDF)                        : 13
rms of residuals      (FIT_STDFIT) = sqrt(WSSR/ndf)    : 0.510644
variance of residuals (reduced chisquare) = WSSR/ndf   : 0.260757

Final set of parameters            Asymptotic Standard Error
=======================            ==========================
a               = 1.03117          +/- 0.002257     (0.2189%)


*******************************************************************************
Thu Apr  8 12:14:31 2021


FIT:    data read from "total_R.dat" using ($1):($2)
        format = x:z
        x range restricted to [3.00000 : 25600.0]
        #datapoints = 14
        residuals are weighted equally (unit weight)

function used for fitting: f(x)
	f(x) = a*sqrt(x)
fitted parameters initialized with current variable values

iter      chisq       delta/lim  lambda   a            
   0 5.3123103615e+01   0.00e+00  6.05e+01    1.000000e+00
   3 3.3898422982e+00  -3.32e-03  6.05e-02    1.031168e+00

After 3 iterations the fit converged.
final sum of squares of residuals : 3.38984
rel. change during last iteration : -3.32207e-08

degrees of freedom    (FIT_NDF)                        : 13
rms of residuals      (FIT_STDFIT) = sqrt(WSSR/ndf)    : 0.510644
variance of residuals (reduced chisquare) = WSSR/ndf   : 0.260757

Final set of parameters            Asymptotic Standard Error
=======================            ==========================
a               = 1.03117          +/- 0.002257     (0.2189%)


*******************************************************************************
Thu Apr  8 12:14:47 2021


FIT:    data read from "total_R.dat" using ($1):($2)
        format = x:z
        x range restricted to [3.00000 : 25600.0]
        #datapoints = 14
        residuals are weighted equally (unit weight)

function used for fitting: f(x)
	f(x) = a*sqrt(x)
fitted parameters initialized with current variable values

iter      chisq       delta/lim  lambda   a            
   0 5.3123103615e+01   0.00e+00  6.05e+01    1.000000e+00
   3 3.3898422982e+00  -3.32e-03  6.05e-02    1.031168e+00

After 3 iterations the fit converged.
final sum of squares of residuals : 3.38984
rel. change during last iteration : -3.32207e-08

degrees of freedom    (FIT_NDF)                        : 13
rms of residuals      (FIT_STDFIT) = sqrt(WSSR/ndf)    : 0.510644
variance of residuals (reduced chisquare) = WSSR/ndf   : 0.260757

Final set of parameters            Asymptotic Standard Error
=======================            ==========================
a               = 1.03117          +/- 0.002257     (0.2189%)


*******************************************************************************
Thu Apr  8 12:19:10 2021


FIT:    data read from "mc_integration.dat" using (log10($1)):(log10(abs($2-$3)/$3))
        format = x:z
        x range restricted to [1.00000 : 8.00000]
        #datapoints = 17
        residuals are weighted equally (unit weight)

function used for fitting: f(x)
	f(x) = m*x + b
fitted parameters initialized with current variable values

iter      chisq       delta/lim  lambda   m             b            
   0 7.6423608692e+02   0.00e+00  2.72e+00    1.000000e+00   1.000000e+00
   4 2.9840233300e+00  -3.18e-06  2.72e-04   -4.545435e-01  -3.811938e-01

After 4 iterations the fit converged.
final sum of squares of residuals : 2.98402
rel. change during last iteration : -3.18303e-11

degrees of freedom    (FIT_NDF)                        : 15
rms of residuals      (FIT_STDFIT) = sqrt(WSSR/ndf)    : 0.446021
variance of residuals (reduced chisquare) = WSSR/ndf   : 0.198935

Final set of parameters            Asymptotic Standard Error
=======================            ==========================
m               = -0.454544        +/- 0.07335      (16.14%)
b               = -0.381194        +/- 0.2724       (71.46%)

correlation matrix of the fit parameters:
                m      b      
m               1.000 
b              -0.918  1.000 


*******************************************************************************
Thu Apr  8 12:19:33 2021


FIT:    data read from "mc_integration.dat" using (log10($1)):(log10(abs($2-$3)/$3))
        format = x:z
        x range restricted to [1.00000 : 8.00000]
        #datapoints = 17
        residuals are weighted equally (unit weight)

function used for fitting: f(x)
	f(x) = m*x + b
fitted parameters initialized with current variable values

iter      chisq       delta/lim  lambda   m             b            
   0 7.6379973411e+02   0.00e+00  2.72e+00    1.000000e+00   1.000000e+00
   4 1.9650138879e+00  -9.89e-08  2.72e-04   -6.629909e-01   4.389753e-01

After 4 iterations the fit converged.
final sum of squares of residuals : 1.96501
rel. change during last iteration : -9.88854e-13

degrees of freedom    (FIT_NDF)                        : 15
rms of residuals      (FIT_STDFIT) = sqrt(WSSR/ndf)    : 0.361941
variance of residuals (reduced chisquare) = WSSR/ndf   : 0.131001

Final set of parameters            Asymptotic Standard Error
=======================            ==========================
m               = -0.662991        +/- 0.05952      (8.978%)
b               = 0.438975         +/- 0.2211       (50.36%)

correlation matrix of the fit parameters:
                m      b      
m               1.000 
b              -0.918  1.000 


*******************************************************************************
Thu Apr  8 12:21:01 2021


FIT:    data read from "mc_integration.dat" using (log10($1)):(log10(abs($2-$3)/$3))
        format = x:z
        x range restricted to [1.00000 : 8.00000]
        #datapoints = 17
        residuals are weighted equally (unit weight)

function used for fitting: f(x)
	f(x) = m*x + b
fitted parameters initialized with current variable values

iter      chisq       delta/lim  lambda   m             b            
   0 7.7271851027e+02   0.00e+00  2.72e+00    1.000000e+00   1.000000e+00
   4 2.6640708420e+00  -1.28e-06  2.72e-04   -5.619414e-01  -4.048567e-04

After 4 iterations the fit converged.
final sum of squares of residuals : 2.66407
rel. change during last iteration : -1.28144e-11

degrees of freedom    (FIT_NDF)                        : 15
rms of residuals      (FIT_STDFIT) = sqrt(WSSR/ndf)    : 0.421432
variance of residuals (reduced chisquare) = WSSR/ndf   : 0.177605

Final set of parameters            Asymptotic Standard Error
=======================            ==========================
m               = -0.561941        +/- 0.06931      (12.33%)
b               = -0.000404857     +/- 0.2574       (6.357e+04%)

correlation matrix of the fit parameters:
                m      b      
m               1.000 
b              -0.918  1.000 


*******************************************************************************
Thu Apr  8 12:22:24 2021


FIT:    data read from "mc_integration.dat" using (log10($1)):(log10(abs($2-$3)/$3))
        format = x:z
        x range restricted to [1.00000 : 8.00000]
        #datapoints = 17
        residuals are weighted equally (unit weight)

function used for fitting: f(x)
	f(x) = m*x + b
fitted parameters initialized with current variable values

iter      chisq       delta/lim  lambda   m             b            
   0 7.7511832121e+02   0.00e+00  2.72e+00    1.000000e+00   1.000000e+00
   4 3.1159227804e+00  -2.93e-06  2.72e-04   -4.712597e-01  -3.655783e-01

After 4 iterations the fit converged.
final sum of squares of residuals : 3.11592
rel. change during last iteration : -2.93089e-11

degrees of freedom    (FIT_NDF)                        : 15
rms of residuals      (FIT_STDFIT) = sqrt(WSSR/ndf)    : 0.455772
variance of residuals (reduced chisquare) = WSSR/ndf   : 0.207728

Final set of parameters            Asymptotic Standard Error
=======================            ==========================
m               = -0.47126         +/- 0.07496      (15.91%)
b               = -0.365578        +/- 0.2784       (76.14%)

correlation matrix of the fit parameters:
                m      b      
m               1.000 
b              -0.918  1.000 


*******************************************************************************
Thu Apr  8 12:29:28 2021


FIT:    data read from "mc_integration.dat" using (log10($1)):(log10(abs($2-$3)/$3))
        format = x:z
        x range restricted to [1.00000 : 8.00000]
        #datapoints = 17
        residuals are weighted equally (unit weight)

function used for fitting: f(x)
	f(x) = m*x + b
fitted parameters initialized with current variable values

iter      chisq       delta/lim  lambda   m             b            
   0 8.0624927405e+02   0.00e+00  2.72e+00    1.000000e+00   1.000000e+00
   4 3.3994982539e+00  -1.23e-06  2.72e-04   -5.821995e-01  -7.138552e-02

After 4 iterations the fit converged.
final sum of squares of residuals : 3.3995
rel. change during last iteration : -1.23291e-11

degrees of freedom    (FIT_NDF)                        : 15
rms of residuals      (FIT_STDFIT) = sqrt(WSSR/ndf)    : 0.47606
variance of residuals (reduced chisquare) = WSSR/ndf   : 0.226633

Final set of parameters            Asymptotic Standard Error
=======================            ==========================
m               = -0.582199        +/- 0.07829      (13.45%)
b               = -0.0713855       +/- 0.2907       (407.3%)

correlation matrix of the fit parameters:
                m      b      
m               1.000 
b              -0.918  1.000 


*******************************************************************************
Thu Apr  8 12:29:36 2021


FIT:    data read from "mc_integration.dat" using (log10($1)):(log10(abs($2-$3)/$3))
        format = x:z
        x range restricted to [1.00000 : 8.00000]
        #datapoints = 17
        residuals are weighted equally (unit weight)

function used for fitting: f(x)
	f(x) = m*x + b
fitted parameters initialized with current variable values

iter      chisq       delta/lim  lambda   m             b            
   0 7.7373854927e+02   0.00e+00  2.72e+00    1.000000e+00   1.000000e+00
   4 2.8627228647e+00  -2.95e-06  2.72e-04   -4.792537e-01  -3.291124e-01

After 4 iterations the fit converged.
final sum of squares of residuals : 2.86272
rel. change during last iteration : -2.94894e-11

degrees of freedom    (FIT_NDF)                        : 15
rms of residuals      (FIT_STDFIT) = sqrt(WSSR/ndf)    : 0.436862
variance of residuals (reduced chisquare) = WSSR/ndf   : 0.190848

Final set of parameters            Asymptotic Standard Error
=======================            ==========================
m               = -0.479254        +/- 0.07185      (14.99%)
b               = -0.329112        +/- 0.2668       (81.07%)

correlation matrix of the fit parameters:
                m      b      
m               1.000 
b              -0.918  1.000 


*******************************************************************************
Thu Apr  8 12:29:40 2021


FIT:    data read from "mc_integration.dat" using (log10($1)):(log10(abs($2-$3)/$3))
        format = x:z
        x range restricted to [1.00000 : 8.00000]
        #datapoints = 17
        residuals are weighted equally (unit weight)

function used for fitting: f(x)
	f(x) = m*x + b
fitted parameters initialized with current variable values

iter      chisq       delta/lim  lambda   m             b            
   0 8.2883908459e+02   0.00e+00  2.72e+00    1.000000e+00   1.000000e+00
   4 5.9484727567e+00  -2.29e-06  2.72e-04   -4.735649e-01  -5.870383e-01

After 4 iterations the fit converged.
final sum of squares of residuals : 5.94847
rel. change during last iteration : -2.29001e-11

degrees of freedom    (FIT_NDF)                        : 15
rms of residuals      (FIT_STDFIT) = sqrt(WSSR/ndf)    : 0.629734
variance of residuals (reduced chisquare) = WSSR/ndf   : 0.396565

Final set of parameters            Asymptotic Standard Error
=======================            ==========================
m               = -0.473565        +/- 0.1036       (21.87%)
b               = -0.587038        +/- 0.3846       (65.52%)

correlation matrix of the fit parameters:
                m      b      
m               1.000 
b              -0.918  1.000 


*******************************************************************************
Thu Apr  8 12:30:55 2021


FIT:    data read from "mc_integration.dat" using (log10($1)):(log10(abs($2-$3)/$3))
        format = x:z
        x range restricted to [1.00000 : 8.00000]
        #datapoints = 17
        residuals are weighted equally (unit weight)

function used for fitting: f(x)
	f(x) = m*x + b
fitted parameters initialized with current variable values

iter      chisq       delta/lim  lambda   m             b            
   0 4.0530443726e+02   0.00e+00  2.72e+00    1.000000e+00   1.000000e+00
   3 3.9451146072e+00  -5.59e-02  2.72e-03   -2.213266e-01   6.497847e-01

After 3 iterations the fit converged.
final sum of squares of residuals : 3.94511
rel. change during last iteration : -5.58755e-07

degrees of freedom    (FIT_NDF)                        : 15
rms of residuals      (FIT_STDFIT) = sqrt(WSSR/ndf)    : 0.512843
variance of residuals (reduced chisquare) = WSSR/ndf   : 0.263008

Final set of parameters            Asymptotic Standard Error
=======================            ==========================
m               = -0.221327        +/- 0.08434      (38.11%)
b               = 0.649785         +/- 0.3132       (48.2%)

correlation matrix of the fit parameters:
                m      b      
m               1.000 
b              -0.918  1.000 


*******************************************************************************
Thu Apr  8 12:31:02 2021


FIT:    data read from "mc_integration.dat" using (log10($1)):(log10(abs($2-$3)/$3))
        format = x:z
        x range restricted to [1.00000 : 8.00000]
        #datapoints = 17
        residuals are weighted equally (unit weight)

function used for fitting: f(x)
	f(x) = m*x + b
fitted parameters initialized with current variable values

iter      chisq       delta/lim  lambda   m             b            
   0 4.4078586743e+02   0.00e+00  2.72e+00    1.000000e+00   1.000000e+00
   4 1.4458568579e+00  -2.89e-07  2.72e-04   -2.385156e-01   4.769543e-01

After 4 iterations the fit converged.
final sum of squares of residuals : 1.44586
rel. change during last iteration : -2.89378e-12

degrees of freedom    (FIT_NDF)                        : 15
rms of residuals      (FIT_STDFIT) = sqrt(WSSR/ndf)    : 0.310468
variance of residuals (reduced chisquare) = WSSR/ndf   : 0.0963905

Final set of parameters            Asymptotic Standard Error
=======================            ==========================
m               = -0.238516        +/- 0.05106      (21.41%)
b               = 0.476954         +/- 0.1896       (39.76%)

correlation matrix of the fit parameters:
                m      b      
m               1.000 
b              -0.918  1.000 


*******************************************************************************
Thu Apr  8 12:48:58 2021


FIT:    data read from "mc_integration.dat" using (log10($1)):(log10(abs($2-$3)/$3))
        format = x:z
        x range restricted to [1.00000 : 8.00000]
        #datapoints = 17
        residuals are weighted equally (unit weight)

function used for fitting: f(x)
	f(x) = m*x + b
fitted parameters initialized with current variable values

iter      chisq       delta/lim  lambda   m             b            
   0 4.1455154960e+02   0.00e+00  2.72e+00    1.000000e+00   1.000000e+00
   4 2.3461577294e+00  -2.41e-07  2.72e-04   -1.899005e-01   4.545888e-01

After 4 iterations the fit converged.
final sum of squares of residuals : 2.34616
rel. change during last iteration : -2.40598e-12

degrees of freedom    (FIT_NDF)                        : 15
rms of residuals      (FIT_STDFIT) = sqrt(WSSR/ndf)    : 0.395488
variance of residuals (reduced chisquare) = WSSR/ndf   : 0.156411

Final set of parameters            Asymptotic Standard Error
=======================            ==========================
m               = -0.189901        +/- 0.06504      (34.25%)
b               = 0.454589         +/- 0.2415       (53.13%)

correlation matrix of the fit parameters:
                m      b      
m               1.000 
b              -0.918  1.000 


*******************************************************************************
Thu Apr  8 12:49:04 2021


FIT:    data read from "mc_integration.dat" using (log10($1)):(log10(abs($2-$3)/$3))
        format = x:z
        x range restricted to [1.00000 : 8.00000]
        #datapoints = 17
        residuals are weighted equally (unit weight)

function used for fitting: f(x)
	f(x) = m*x + b
fitted parameters initialized with current variable values

iter      chisq       delta/lim  lambda   m             b            
   0 4.1450746982e+02   0.00e+00  2.72e+00    1.000000e+00   1.000000e+00
   4 3.7268019903e-01  -3.99e-06  2.72e-04   -1.561188e-01   3.084912e-01

After 4 iterations the fit converged.
final sum of squares of residuals : 0.37268
rel. change during last iteration : -3.98923e-11

degrees of freedom    (FIT_NDF)                        : 15
rms of residuals      (FIT_STDFIT) = sqrt(WSSR/ndf)    : 0.157624
variance of residuals (reduced chisquare) = WSSR/ndf   : 0.0248453

Final set of parameters            Asymptotic Standard Error
=======================            ==========================
m               = -0.156119        +/- 0.02592      (16.6%)
b               = 0.308491         +/- 0.09627      (31.21%)

correlation matrix of the fit parameters:
                m      b      
m               1.000 
b              -0.918  1.000 


*******************************************************************************
Thu Apr  8 12:49:09 2021


FIT:    data read from "mc_integration.dat" using (log10($1)):(log10(abs($2-$3)/$3))
        format = x:z
        x range restricted to [1.00000 : 8.00000]
        #datapoints = 17
        residuals are weighted equally (unit weight)

function used for fitting: f(x)
	f(x) = m*x + b
fitted parameters initialized with current variable values

iter      chisq       delta/lim  lambda   m             b            
   0 4.2614752560e+02   0.00e+00  2.72e+00    1.000000e+00   1.000000e+00
   4 1.7219412853e+00  -4.00e-07  2.72e-04   -2.021186e-01   4.255620e-01

After 4 iterations the fit converged.
final sum of squares of residuals : 1.72194
rel. change during last iteration : -4.00068e-12

degrees of freedom    (FIT_NDF)                        : 15
rms of residuals      (FIT_STDFIT) = sqrt(WSSR/ndf)    : 0.338816
variance of residuals (reduced chisquare) = WSSR/ndf   : 0.114796

Final set of parameters            Asymptotic Standard Error
=======================            ==========================
m               = -0.202119        +/- 0.05572      (27.57%)
b               = 0.425562         +/- 0.2069       (48.62%)

correlation matrix of the fit parameters:
                m      b      
m               1.000 
b              -0.918  1.000 


*******************************************************************************
Thu Apr  8 12:49:41 2021


FIT:    data read from "mc_integration.dat" using (log10($1)):(log10(abs($2-$3)/$3))
        format = x:z
        x range restricted to [1.00000 : 8.00000]
        #datapoints = 17
        residuals are weighted equally (unit weight)

function used for fitting: f(x)
	f(x) = m*x + b
fitted parameters initialized with current variable values

iter      chisq       delta/lim  lambda   m             b            
   0 6.1841787615e+02   0.00e+00  2.72e+00    1.000000e+00   1.000000e+00
   4 1.3822782745e+00  -4.91e-07  2.72e-04   -4.632676e-01   3.622662e-01

After 4 iterations the fit converged.
final sum of squares of residuals : 1.38228
rel. change during last iteration : -4.91356e-12

degrees of freedom    (FIT_NDF)                        : 15
rms of residuals      (FIT_STDFIT) = sqrt(WSSR/ndf)    : 0.303565
variance of residuals (reduced chisquare) = WSSR/ndf   : 0.0921519

Final set of parameters            Asymptotic Standard Error
=======================            ==========================
m               = -0.463268        +/- 0.04992      (10.78%)
b               = 0.362266         +/- 0.1854       (51.18%)

correlation matrix of the fit parameters:
                m      b      
m               1.000 
b              -0.918  1.000 


*******************************************************************************
Thu Apr  8 12:49:51 2021


FIT:    data read from "mc_integration.dat" using (log10($1)):(log10(abs($2-$3)/$3))
        format = x:z
        x range restricted to [1.00000 : 8.00000]
        #datapoints = 17
        residuals are weighted equally (unit weight)

function used for fitting: f(x)
	f(x) = m*x + b
fitted parameters initialized with current variable values

iter      chisq       delta/lim  lambda   m             b            
   0 6.7000695496e+02   0.00e+00  2.72e+00    1.000000e+00   1.000000e+00
   4 2.8842699978e+00  -6.07e-07  2.72e-04   -4.850165e-01   1.921908e-01

After 4 iterations the fit converged.
final sum of squares of residuals : 2.88427
rel. change during last iteration : -6.06562e-12

degrees of freedom    (FIT_NDF)                        : 15
rms of residuals      (FIT_STDFIT) = sqrt(WSSR/ndf)    : 0.438503
variance of residuals (reduced chisquare) = WSSR/ndf   : 0.192285

Final set of parameters            Asymptotic Standard Error
=======================            ==========================
m               = -0.485016        +/- 0.07212      (14.87%)
b               = 0.192191         +/- 0.2678       (139.3%)

correlation matrix of the fit parameters:
                m      b      
m               1.000 
b              -0.918  1.000 


*******************************************************************************
Thu Apr  8 12:50:08 2021


FIT:    data read from "mc_integration.dat" using (log10($1)):(log10(abs($2-$3)/$3))
        format = x:z
        x range restricted to [1.00000 : 8.00000]
        #datapoints = 17
        residuals are weighted equally (unit weight)

function used for fitting: f(x)
	f(x) = m*x + b
fitted parameters initialized with current variable values

iter      chisq       delta/lim  lambda   m             b            
   0 4.4441423068e+02   0.00e+00  2.72e+00    1.000000e+00   1.000000e+00
   4 1.6213384609e+00  -2.49e-07  2.72e-04   -2.444289e-01   4.791018e-01

After 4 iterations the fit converged.
final sum of squares of residuals : 1.62134
rel. change during last iteration : -2.49389e-12

degrees of freedom    (FIT_NDF)                        : 15
rms of residuals      (FIT_STDFIT) = sqrt(WSSR/ndf)    : 0.328769
variance of residuals (reduced chisquare) = WSSR/ndf   : 0.108089

Final set of parameters            Asymptotic Standard Error
=======================            ==========================
m               = -0.244429        +/- 0.05407      (22.12%)
b               = 0.479102         +/- 0.2008       (41.91%)

correlation matrix of the fit parameters:
                m      b      
m               1.000 
b              -0.918  1.000 


*******************************************************************************
Thu Apr  8 12:50:18 2021


FIT:    data read from "mc_integration.dat" using (log10($1)):(log10(abs($2-$3)/$3))
        format = x:z
        x range restricted to [1.00000 : 8.00000]
        #datapoints = 17
        residuals are weighted equally (unit weight)

function used for fitting: f(x)
	f(x) = m*x + b
fitted parameters initialized with current variable values

iter      chisq       delta/lim  lambda   m             b            
   0 4.4359360620e+02   0.00e+00  2.72e+00    1.000000e+00   1.000000e+00
   3 4.9452115035e+00  -5.09e-01  2.72e-03   -3.238807e-01   8.226402e-01

After 3 iterations the fit converged.
final sum of squares of residuals : 4.94521
rel. change during last iteration : -5.09425e-06

degrees of freedom    (FIT_NDF)                        : 15
rms of residuals      (FIT_STDFIT) = sqrt(WSSR/ndf)    : 0.574178
variance of residuals (reduced chisquare) = WSSR/ndf   : 0.329681

Final set of parameters            Asymptotic Standard Error
=======================            ==========================
m               = -0.323881        +/- 0.09443      (29.16%)
b               = 0.82264          +/- 0.3507       (42.63%)

correlation matrix of the fit parameters:
                m      b      
m               1.000 
b              -0.918  1.000 


*******************************************************************************
Thu Apr  8 12:50:28 2021


FIT:    data read from "mc_integration.dat" using (log10($1)):(log10(abs($2-$3)/$3))
        format = x:z
        x range restricted to [1.00000 : 8.00000]
        #datapoints = 17
        residuals are weighted equally (unit weight)

function used for fitting: f(x)
	f(x) = m*x + b
fitted parameters initialized with current variable values

iter      chisq       delta/lim  lambda   m             b            
   0 4.1234769009e+02   0.00e+00  2.72e+00    1.000000e+00   1.000000e+00
   4 9.4618713530e-01  -2.47e-06  2.72e-04   -1.274977e-01   2.129556e-01

After 4 iterations the fit converged.
final sum of squares of residuals : 0.946187
rel. change during last iteration : -2.47481e-11

degrees of freedom    (FIT_NDF)                        : 15
rms of residuals      (FIT_STDFIT) = sqrt(WSSR/ndf)    : 0.251156
variance of residuals (reduced chisquare) = WSSR/ndf   : 0.0630791

Final set of parameters            Asymptotic Standard Error
=======================            ==========================
m               = -0.127498        +/- 0.04131      (32.4%)
b               = 0.212956         +/- 0.1534       (72.03%)

correlation matrix of the fit parameters:
                m      b      
m               1.000 
b              -0.918  1.000 


*******************************************************************************
Thu Apr  8 12:54:35 2021


FIT:    data read from "mc_integration.dat" using (log10($1)):(log10(abs($2-$3)/$3))
        format = x:z
        x range restricted to [1.00000 : 8.00000]
        #datapoints = 17
        residuals are weighted equally (unit weight)

function used for fitting: f(x)
	f(x) = m*x + b
fitted parameters initialized with current variable values

iter      chisq       delta/lim  lambda   m             b            
   0 5.6634440076e+02   0.00e+00  2.72e+00    1.000000e+00   1.000000e+00
   4 4.0213500720e+00  -1.21e-07  2.72e-04   -4.037810e-01   4.186001e-01

After 4 iterations the fit converged.
final sum of squares of residuals : 4.02135
rel. change during last iteration : -1.21344e-12

degrees of freedom    (FIT_NDF)                        : 15
rms of residuals      (FIT_STDFIT) = sqrt(WSSR/ndf)    : 0.517774
variance of residuals (reduced chisquare) = WSSR/ndf   : 0.26809

Final set of parameters            Asymptotic Standard Error
=======================            ==========================
m               = -0.403781        +/- 0.08515      (21.09%)
b               = 0.4186           +/- 0.3162       (75.54%)

correlation matrix of the fit parameters:
                m      b      
m               1.000 
b              -0.918  1.000 


*******************************************************************************
Thu Apr  8 12:54:48 2021


FIT:    data read from "mc_integration.dat" using (log10($1)):(log10(abs($2-$3)/$3))
        format = x:z
        x range restricted to [1.00000 : 8.00000]
        #datapoints = 17
        residuals are weighted equally (unit weight)

function used for fitting: f(x)
	f(x) = m*x + b
fitted parameters initialized with current variable values

iter      chisq       delta/lim  lambda   m             b            
   0 5.4248972731e+02   0.00e+00  2.72e+00    1.000000e+00   1.000000e+00
   4 2.2840962783e+00  -9.59e-08  2.72e-04   -4.655079e-01   7.884764e-01

After 4 iterations the fit converged.
final sum of squares of residuals : 2.2841
rel. change during last iteration : -9.59301e-13

degrees of freedom    (FIT_NDF)                        : 15
rms of residuals      (FIT_STDFIT) = sqrt(WSSR/ndf)    : 0.390222
variance of residuals (reduced chisquare) = WSSR/ndf   : 0.152273

Final set of parameters            Asymptotic Standard Error
=======================            ==========================
m               = -0.465508        +/- 0.06418      (13.79%)
b               = 0.788476         +/- 0.2383       (30.23%)

correlation matrix of the fit parameters:
                m      b      
m               1.000 
b              -0.918  1.000 


*******************************************************************************
Thu Apr  8 12:54:59 2021


FIT:    data read from "mc_integration.dat" using (log10($1)):(log10(abs($2-$3)/$3))
        format = x:z
        x range restricted to [1.00000 : 8.00000]
        #datapoints = 17
        residuals are weighted equally (unit weight)

function used for fitting: f(x)
	f(x) = m*x + b
fitted parameters initialized with current variable values

iter      chisq       delta/lim  lambda   m             b            
   0 5.6382016257e+02   0.00e+00  2.72e+00    1.000000e+00   1.000000e+00
   3 1.8954639122e+00  -5.64e-03  2.72e-03   -4.558354e-01   6.284623e-01

After 3 iterations the fit converged.
final sum of squares of residuals : 1.89546
rel. change during last iteration : -5.63757e-08

degrees of freedom    (FIT_NDF)                        : 15
rms of residuals      (FIT_STDFIT) = sqrt(WSSR/ndf)    : 0.355478
variance of residuals (reduced chisquare) = WSSR/ndf   : 0.126364

Final set of parameters            Asymptotic Standard Error
=======================            ==========================
m               = -0.455835        +/- 0.05846      (12.83%)
b               = 0.628462         +/- 0.2171       (34.55%)

correlation matrix of the fit parameters:
                m      b      
m               1.000 
b              -0.918  1.000 


*******************************************************************************
Thu Apr  8 12:55:08 2021


FIT:    data read from "mc_integration.dat" using (log10($1)):(log10(abs($2-$3)/$3))
        format = x:z
        x range restricted to [1.00000 : 8.00000]
        #datapoints = 17
        residuals are weighted equally (unit weight)

function used for fitting: f(x)
	f(x) = m*x + b
fitted parameters initialized with current variable values

iter      chisq       delta/lim  lambda   m             b            
   0 4.8962512458e+02   0.00e+00  2.72e+00    1.000000e+00   1.000000e+00
   4 2.7630291104e+00  -4.04e-07  2.72e-04   -2.743486e-01   3.325918e-01

After 4 iterations the fit converged.
final sum of squares of residuals : 2.76303
rel. change during last iteration : -4.04289e-12

degrees of freedom    (FIT_NDF)                        : 15
rms of residuals      (FIT_STDFIT) = sqrt(WSSR/ndf)    : 0.429188
variance of residuals (reduced chisquare) = WSSR/ndf   : 0.184202

Final set of parameters            Asymptotic Standard Error
=======================            ==========================
m               = -0.274349        +/- 0.07058      (25.73%)
b               = 0.332592         +/- 0.2621       (78.81%)

correlation matrix of the fit parameters:
                m      b      
m               1.000 
b              -0.918  1.000 
